<?xml version="1.0" encoding="UTF-8"?>
<!-- Generated by org.testng.reporters.JUnitReportReporter -->
<testsuite hostname="Prakaran" name="com.qa.test.LinkedInPages.LinkedInLogInTest" tests="1" failures="0" timestamp="9 Jun 2019 19:11:59 GMT" time="22.688" errors="0">
  <testcase name="clickonSignInLinkTest" time="22.688" classname="com.qa.test.LinkedInPages.LinkedInLogInTest"/>
</testsuite> <!-- com.qa.test.LinkedInPages.LinkedInLogInTest -->
